

Version:	3.12
CmdLine:	C:\Users\andre\Documents\intelliJProjects\KaavaEditor\build\TehtavaDestroyer.exe --l4j-debug
WOW64:		yes
Working dir:	C:\Users\andre\Documents\intelliJProjects\KaavaEditor\build\.
Java min ver:	1.008.000
Java max ver:	1.011.000
64-bit search:	SOFTWARE\JavaSoft\Java Runtime Environment...
32-bit search:	SOFTWARE\JavaSoft\Java Runtime Environment...
Check:		SOFTWARE\JavaSoft\Java Runtime Environment\1.8
Check launcher:	C:\Program Files (x86)\Java\jre1.8.0_281\bin\javaw.exe (OK)
Match:		1.008.000
Check:		SOFTWARE\JavaSoft\Java Runtime Environment\1.8.0_281
Check launcher:	C:\Program Files (x86)\Java\jre1.8.0_281\bin\javaw.exe (OK)
Match:		1.008.000_281
64-bit search:	SOFTWARE\JavaSoft\JRE...
32-bit search:	SOFTWARE\JavaSoft\JRE...
Runtime used:	1.008.000_281 (32-bit)
Launcher:	C:\Program Files (x86)\Java\jre1.8.0_281\bin\javaw.exe
Launcher args:	-jar "C:\Users\andre\Documents\intelliJProjects\KaavaEditor\build\TehtavaDestroyer.exe"
Args length:	87/32768 chars
Exit code:	0


Version:	3.12
CmdLine:	C:\Users\andre\Documents\intelliJProjects\KaavaEditor\build\TehtavaDestroyer.exe --l4j-debug
WOW64:		yes
Working dir:	C:\Users\andre\Documents\intelliJProjects\KaavaEditor\build\.
Java min ver:	1.008.000
Java max ver:	1.011.000
64-bit search:	SOFTWARE\JavaSoft\Java Runtime Environment...
32-bit search:	SOFTWARE\JavaSoft\Java Runtime Environment...
Check:		SOFTWARE\JavaSoft\Java Runtime Environment\1.8
Check launcher:	C:\Program Files (x86)\Java\jre1.8.0_281\bin\javaw.exe (OK)
Match:		1.008.000
Check:		SOFTWARE\JavaSoft\Java Runtime Environment\1.8.0_281
Check launcher:	C:\Program Files (x86)\Java\jre1.8.0_281\bin\javaw.exe (OK)
Match:		1.008.000_281
64-bit search:	SOFTWARE\JavaSoft\JRE...
32-bit search:	SOFTWARE\JavaSoft\JRE...
Runtime used:	1.008.000_281 (32-bit)
Launcher:	C:\Program Files (x86)\Java\jre1.8.0_281\bin\javaw.exe
Launcher args:	-jar "C:\Users\andre\Documents\intelliJProjects\KaavaEditor\build\TehtavaDestroyer.exe"
Args length:	87/32768 chars
Exit code:	0
